<?xml version="1.0" encoding="UTF-8"?>
<!-- Generated by org.testng.reporters.JUnitReportReporter -->
<testsuite hostname="LAPTOP-PLJ9AFR9" failures="0" tests="3" name="com.example.tests.ApiTest" time="66.857" errors="0" timestamp="2024-06-08T22:08:39 IST" skipped="0">
  <testcase classname="com.example.tests.ApiTest" name="testGetTranslation" time="25.471"/>
  <testcase classname="com.example.tests.ApiTest" name="testGetTranslation" time="34.724"/>
  <testcase classname="com.example.tests.ApiTest" name="testGetTranslation" time="6.662"/>
</testsuite> <!-- com.example.tests.ApiTest -->
