<?xml version="1.0" encoding="UTF-8"?>
<!-- Generated by org.testng.reporters.JUnitReportReporter -->
<testsuite hostname="LAPTOP-PLJ9AFR9" failures="0" tests="1" name="com.capstone.runner.TestRunner" time="6.173" errors="0" timestamp="2024-06-07T20:45:20 IST" skipped="0">
  <testcase classname="com.capstone.runner.TestRunner" name="runScenario" time="6.173"/>
</testsuite> <!-- com.capstone.runner.TestRunner -->
